策略Turtle发送委托，2011-02-23 00:00:00,，空，1@4931.0
策略Turtle发送委托，2011-02-24 00:00:00,，空，1@4905.36745634
策略Turtle发送委托，2011-02-25 00:00:00,，空，1@4879.19153987
策略Turtle发送委托，2011-03-01 00:00:00,，空，1@4853.35527525
策略Turtle发送委托，2011-04-06 00:00:00,，多，4@4832.0
策略Turtle发送委托，2011-04-07 00:00:00,，多，1@4877.0
策略Turtle发送委托，2011-04-08 00:00:00,，多，1@4907.86878382
策略Turtle发送委托，2011-04-15 00:00:00,，空，2@4850.06090929
策略Turtle发送委托，2011-05-03 00:00:00,，多，1@4936.0
策略Turtle发送委托，2011-05-06 00:00:00,，空，1@4836.0
策略Turtle发送委托，2011-06-16 00:00:00,，空，1@4775.0
策略Turtle发送委托，2011-06-17 00:00:00,，空，1@4755.0279044
策略Turtle发送委托，2011-06-17 00:00:00,，空，1@4735.0558088
策略Turtle发送委托，2011-06-20 00:00:00,，空，1@4714.50731798
策略Turtle发送委托，2011-07-04 00:00:00,，多，4@4754.0
策略Turtle发送委托，2011-07-11 00:00:00,，多，1@4840.0
策略Turtle发送委托，2011-07-12 00:00:00,，多，1@4859.74435444
策略Turtle发送委托，2011-07-13 00:00:00,，多，1@4879.40149116
策略Turtle发送委托，2011-07-18 00:00:00,，多，1@4898.50009126
策略Turtle发送委托，2011-08-05 00:00:00,，空，4@4869.0
策略Turtle发送委托，2011-08-09 00:00:00,，空，1@4763.0
策略Turtle发送委托，2011-08-12 00:00:00,，多，1@4851.66265145
策略Turtle发送委托，2011-09-13 00:00:00,，空，1@4780.0
策略Turtle发送委托，2011-09-14 00:00:00,，空，1@4762.14058048
策略Turtle发送委托，2011-09-16 00:00:00,，空，1@4744.06120436
策略Turtle发送委托，2011-09-19 00:00:00,，空，1@4714.0
策略Turtle发送委托，2011-11-09 00:00:00,，多，4@4172.0
策略Turtle发送委托，2011-12-01 00:00:00,，多，1@4239.0
策略Turtle发送委托，2011-12-02 00:00:00,，空，1@4163.19639829
策略Turtle发送委托，2012-01-17 00:00:00,，多，1@4248.0
策略Turtle发送委托，2012-01-18 00:00:00,，多，1@4294.0
策略Turtle发送委托，2012-01-18 00:00:00,，多，1@4315.96558742
策略Turtle发送委托，2012-01-30 00:00:00,，多，1@4336.98314543
策略Turtle发送委托，2012-01-31 00:00:00,，空，4@4295.59978521
策略Turtle发送委托，2012-02-06 00:00:00,，多，1@4348.0
策略Turtle发送委托，2012-02-07 00:00:00,，空，1@4308.72103723
策略Turtle发送委托，2012-02-15 00:00:00,，空，1@4204.0
策略Turtle发送委托，2012-02-16 00:00:00,，空，1@4182.0
策略Turtle发送委托，2012-02-16 00:00:00,，空，1@4161.19947424
策略Turtle发送委托，2012-02-22 00:00:00,，多，3@4244.67065718
策略Turtle发送委托，2012-03-09 00:00:00,，多，1@4315.0
策略Turtle发送委托，2012-03-13 00:00:00,，多，1@4333.47398367
策略Turtle发送委托，2012-03-21 00:00:00,，多，1@4350.51636992
策略Turtle发送委托，2012-03-27 00:00:00,，多，1@4366.19809066
策略Turtle发送委托，2012-03-29 00:00:00,，空，4@4335.0
策略Turtle发送委托，2012-04-06 00:00:00,，多，1@4367.0
策略Turtle发送委托，2012-04-09 00:00:00,，多，1@4382.83974734
策略Turtle发送委托，2012-04-13 00:00:00,，多，1@4399.0
策略Turtle发送委托，2012-04-13 00:00:00,，空，3@4368.86091609
策略Turtle发送委托，2012-04-23 00:00:00,，空，1@4291.0
策略Turtle发送委托，2012-04-24 00:00:00,，空，1@4275.40412716
策略Turtle发送委托，2012-04-24 00:00:00,，空，1@4259.80825431
策略Turtle发送委托，2012-05-03 00:00:00,，空，1@4239.0
策略Turtle发送委托，2012-05-31 00:00:00,，多，4@4118.0
策略Turtle发送委托，2012-06-20 00:00:00,，多，1@4138.0
策略Turtle发送委托，2012-06-25 00:00:00,，空，1@4101.0
策略Turtle发送委托，2012-07-02 00:00:00,，空，1@4020.0
策略Turtle发送委托，2012-07-06 00:00:00,，多，1@4090.14772778
策略Turtle发送委托，2012-07-10 00:00:00,，空，1@4018.0
策略Turtle发送委托，2012-07-11 00:00:00,，空，1@3957.0
策略Turtle发送委托，2012-07-12 00:00:00,，空，1@3938.41375307
策略Turtle发送委托，2012-07-16 00:00:00,，空，1@3919.88716522
策略Turtle发送委托，2012-09-12 00:00:00,，多，4@3513.0
策略Turtle发送委托，2012-09-19 00:00:00,，多，1@3627.0
策略Turtle发送委托，2012-09-20 00:00:00,，空，1@3563.92760353
策略Turtle发送委托，2012-09-27 00:00:00,，多，1@3644.0
策略Turtle发送委托，2012-09-28 00:00:00,，空，1@3572.7565059
策略Turtle发送委托，2012-10-08 00:00:00,，多，1@3649.0
策略Turtle发送委托，2012-10-09 00:00:00,，多，1@3683.88987671
策略Turtle发送委托，2012-10-15 00:00:00,，空，2@3608.0
策略Turtle发送委托，2012-10-22 00:00:00,，多，1@3706.0
策略Turtle发送委托，2012-10-25 00:00:00,，空，1@3643.18486932
策略Turtle发送委托，2012-11-19 00:00:00,，空，1@3592.0
策略Turtle发送委托，2012-11-20 00:00:00,，空，1@3566.0
策略Turtle发送委托，2012-11-27 00:00:00,，空，1@3543.05389352
策略Turtle发送委托，2012-11-29 00:00:00,，空，1@3521.16003243
策略Turtle发送委托，2012-12-05 00:00:00,，多，4@3589.0
策略Turtle发送委托，2012-12-10 00:00:00,，多，1@3686.0
策略Turtle发送委托，2012-12-14 00:00:00,，多，1@3709.24575607
策略Turtle发送委托，2012-12-14 00:00:00,，多，1@3732.49151214
策略Turtle发送委托，2012-12-14 00:00:00,，多，1@3755.73726821
策略Turtle发送委托，2012-12-14 00:00:00,，空，4@3684.0
策略Turtle发送委托，2012-12-17 00:00:00,，多，1@3790.0
策略Turtle发送委托，2012-12-18 00:00:00,，多，1@3816.0
策略Turtle发送委托，2012-12-20 00:00:00,，空，2@3766.59357904
策略Turtle发送委托，2012-12-25 00:00:00,，多，1@3841.0
策略Turtle发送委托，2012-12-26 00:00:00,，多，1@3869.0
策略Turtle发送委托，2012-12-27 00:00:00,，多，1@3894.09459805
策略Turtle发送委托，2012-12-27 00:00:00,，多，1@3919.1891961
策略Turtle发送委托，2012-12-27 00:00:00,，空，4@3869.0
策略Turtle发送委托，2012-12-31 00:00:00,，多，1@3956.0
策略Turtle发送委托，2013-01-04 00:00:00,，多，1@4014.0
策略Turtle发送委托，2013-01-07 00:00:00,，多，1@4040.80333508
策略Turtle发送委托，2013-01-08 00:00:00,，空，3@3987.07699843
策略Turtle发送委托，2013-01-23 00:00:00,，多，1@4045.0
策略Turtle发送委托，2013-01-25 00:00:00,，多，1@4074.4766129
策略Turtle发送委托，2013-01-30 00:00:00,，多，1@4102.24362388
策略Turtle发送委托，2013-01-30 00:00:00,，多，1@4130.01063486
策略Turtle发送委托，2013-02-21 00:00:00,，空，4@4108.0
策略Turtle发送委托，2013-02-26 00:00:00,，空，1@3947.0
策略Turtle发送委托，2013-03-04 00:00:00,，空，1@3915.93394961
策略Turtle发送委托，2013-03-04 00:00:00,，空，1@3884.86789921
策略Turtle发送委托，2013-03-13 00:00:00,，空，1@3853.73273632
策略Turtle发送委托，2013-03-26 00:00:00,，多，4@3926.0
策略Turtle发送委托，2013-04-01 00:00:00,，空，1@3741.0
策略Turtle发送委托，2013-04-02 00:00:00,，空，1@3707.25597484
策略Turtle发送委托，2013-04-08 00:00:00,，多，2@3841.93690565
策略Turtle发送委托，2013-04-16 00:00:00,，空，1@3679.0
策略Turtle发送委托，2013-04-18 00:00:00,，空，1@3621.0
策略Turtle发送委托，2013-04-23 00:00:00,，空，1@3585.94583614
策略Turtle发送委托，2013-05-02 00:00:00,，空，1@3550.0
策略Turtle发送委托，2013-05-13 00:00:00,，多，4@3683.0
策略Turtle发送委托，2013-05-16 00:00:00,，空，1@3531.0
策略Turtle发送委托，2013-05-28 00:00:00,，空，1@3498.84816219
策略Turtle发送委托，2013-05-29 00:00:00,，空，1@3467.57891628
策略Turtle发送委托，2013-05-30 00:00:00,，空，1@3426.0
策略Turtle发送委托，2013-06-17 00:00:00,，多，4@3504.0
策略Turtle发送委托，2013-07-03 00:00:00,，多，1@3560.0
策略Turtle发送委托，2013-07-04 00:00:00,，多，1@3596.0
策略Turtle发送委托，2013-07-10 00:00:00,，多，1@3622.94694595
策略Turtle发送委托，2013-07-10 00:00:00,，空，3@3569.05305405
策略Turtle发送委托，2013-07-11 00:00:00,，多，1@3627.0
策略Turtle发送委托，2013-07-15 00:00:00,，多，1@3653.93888779
策略Turtle发送委托，2013-07-17 00:00:00,，多，1@3679.82998402
策略Turtle发送委托，2013-07-29 00:00:00,，空，3@3636.0
策略Turtle发送委托，2013-08-07 00:00:00,，多，1@3689.0
策略Turtle发送委托，2013-08-08 00:00:00,，多，1@3713.0
策略Turtle发送委托，2013-08-08 00:00:00,，多，1@3731.98493772
策略Turtle发送委托，2013-08-12 00:00:00,，多，1@3759.0
策略Turtle发送委托，2013-08-29 00:00:00,，空，4@3753.0
策略Turtle发送委托，2013-09-06 00:00:00,，空，1@3710.0
策略Turtle发送委托，2013-09-13 00:00:00,，空，1@3691.30359858
策略Turtle发送委托，2013-09-13 00:00:00,，空，1@3672.60719715
策略Turtle发送委托，2013-09-16 00:00:00,，空，1@3653.4706158
策略Turtle发送委托，2013-11-01 00:00:00,，多，4@3612.0
策略Turtle发送委托，2013-11-07 00:00:00,，多，1@3656.0
策略Turtle发送委托，2013-11-11 00:00:00,，空，1@3622.12714371
策略Turtle发送委托，2013-11-26 00:00:00,，多，1@3663.0
策略Turtle发送委托，2013-12-02 00:00:00,，多，1@3678.63927817
策略Turtle发送委托，2013-12-03 00:00:00,，多，1@3694.27159243
策略Turtle发送委托，2013-12-04 00:00:00,，多，1@3709.64729098
策略Turtle发送委托，2013-12-13 00:00:00,，空，4@3680.50482779
策略Turtle发送委托，2013-12-25 00:00:00,，空，1@3613.0
策略Turtle发送委托，2013-12-26 00:00:00,，空，1@3597.99856465
策略Turtle发送委托，2013-12-31 00:00:00,，空，1@3582.55877151
策略Turtle发送委托，2014-01-03 00:00:00,，空，1@3567.21185821
策略Turtle发送委托，2014-02-18 00:00:00,，多，4@3498.0
策略Turtle发送委托，2014-02-24 00:00:00,，空，1@3412.0
策略Turtle发送委托，2014-02-25 00:00:00,，空，1@3373.0
策略Turtle发送委托，2014-02-25 00:00:00,，空，1@3355.24373823
策略Turtle发送委托，2014-03-07 00:00:00,，空，1@3337.22744284
策略Turtle发送委托，2014-03-25 00:00:00,，多，4@3272.0
策略Turtle发送委托，2014-04-04 00:00:00,，多，1@3358.0
策略Turtle发送委托，2014-04-08 00:00:00,，多，1@3385.0
策略Turtle发送委托，2014-04-08 00:00:00,，多，1@3406.98327956
策略Turtle发送委托，2014-04-11 00:00:00,，空，3@3363.33832594
策略Turtle发送委托，2014-05-05 00:00:00,，空，1@3214.0
策略Turtle发送委托，2014-05-07 00:00:00,，空，1@3193.27333815
策略Turtle发送委托，2014-05-08 00:00:00,，空，1@3172.6080094
策略Turtle发送委托，2014-05-12 00:00:00,，空，1@3150.0
策略Turtle发送委托，2014-06-25 00:00:00,，多，4@3080.0
策略Turtle发送委托，2014-07-10 00:00:00,，多，1@3123.0
策略Turtle发送委托，2014-07-14 00:00:00,，多，1@3138.9626788
策略Turtle发送委托，2014-07-18 00:00:00,，空，2@3109.465063
策略Turtle发送委托，2014-07-21 00:00:00,，空，1@3049.0
策略Turtle发送委托，2014-07-29 00:00:00,，多，1@3106.956749
策略Turtle发送委托，2014-08-14 00:00:00,，空，1@3037.0
策略Turtle发送委托，2014-08-15 00:00:00,，空，1@3022.79700733
策略Turtle发送委托，2014-08-20 00:00:00,，空，1@3008.88090399
策略Turtle发送委托，2014-08-21 00:00:00,，空，1@2995.03560581
策略Turtle发送委托，2014-10-14 00:00:00,，多，4@2668.0
策略Turtle发送委托，2014-11-07 00:00:00,，空，1@2533.0
策略Turtle发送委托，2014-11-18 00:00:00,，空，1@2513.46438241
策略Turtle发送委托，2014-11-18 00:00:00,，空，1@2493.92876481
策略Turtle发送委托，2014-11-18 00:00:00,，空，1@2474.39314722
策略Turtle发送委托，2014-11-28 00:00:00,，多，4@2552.0
策略Turtle发送委托，2014-12-11 00:00:00,，多，1@2595.0
策略Turtle发送委托，2014-12-16 00:00:00,，空，1@2553.04111687
策略Turtle发送委托，2014-12-30 00:00:00,，多，1@2605.0
策略Turtle发送委托，2014-12-31 00:00:00,，多，1@2626.23892804
策略Turtle发送委托，2014-12-31 00:00:00,，空，2@2583.76107196
策略Turtle发送委托，2015-01-06 00:00:00,，多，1@2629.0
策略Turtle发送委托，2015-01-07 00:00:00,，空，1@2583.15179814
策略Turtle发送委托，2015-01-14 00:00:00,，空，1@2470.0
策略Turtle发送委托，2015-01-26 00:00:00,，空，1@2447.78093201
策略Turtle发送委托，2015-02-02 00:00:00,，多，2@2528.0
策略Turtle发送委托，2015-02-13 00:00:00,，多，1@2533.0
策略Turtle发送委托，2015-02-16 00:00:00,，多，1@2550.64753889
策略Turtle发送委托，2015-02-25 00:00:00,，空，2@2515.7887312
策略Turtle发送委托，2015-03-06 00:00:00,，空，1@2466.0
策略Turtle发送委托，2015-03-09 00:00:00,，空，1@2448.20061789
策略Turtle发送委托，2015-03-10 00:00:00,，空，1@2430.34120489
策略Turtle发送委托，2015-03-10 00:00:00,，空，1@2412.48179189
策略Turtle发送委托，2015-03-18 00:00:00,，多，4@2482.46005906
策略Turtle发送委托，2015-03-24 00:00:00,，多，1@2550.0
策略Turtle发送委托，2015-03-25 00:00:00,，空，1@2514.33894447
策略Turtle发送委托，2015-03-27 00:00:00,，空，1@2403.0
策略Turtle发送委托，2015-03-30 00:00:00,，多，1@2478.24929497
策略Turtle发送委托，2015-04-01 00:00:00,，空，1@2399.0
策略Turtle发送委托，2015-04-02 00:00:00,，空，1@2376.0
策略Turtle发送委托，2015-04-02 00:00:00,，空，1@2356.32678393
策略Turtle发送委托，2015-04-07 00:00:00,，空，1@2332.0
策略Turtle发送委托，2015-04-24 00:00:00,，多，4@2339.0
策略Turtle发送委托，2015-05-05 00:00:00,，多，1@2428.0
策略Turtle发送委托，2015-05-13 00:00:00,，空，1@2387.6485788
策略Turtle发送委托，2015-06-12 00:00:00,，空，1@2308.0
策略Turtle发送委托，2015-06-15 00:00:00,，空，1@2291.55810355
策略Turtle发送委托，2015-06-16 00:00:00,，空，1@2274.98830192
策略Turtle发送委托，2015-06-16 00:00:00,，空，1@2258.41850029
策略Turtle发送委托，2015-07-21 00:00:00,，多，4@2105.0
策略Turtle发送委托，2015-08-24 00:00:00,，空，1@2024.0
策略Turtle发送委托，2015-08-25 00:00:00,，空，1@1939.0
策略Turtle发送委托，2015-09-07 00:00:00,，空，1@1919.86294336
策略Turtle发送委托，2015-09-07 00:00:00,，空，1@1900.72588671
策略Turtle发送委托，2015-12-15 00:00:00,，多，4@1668.0
策略Turtle发送委托，2015-12-21 00:00:00,，多，1@1720.0
策略Turtle发送委托，2015-12-22 00:00:00,，多，1@1753.0
策略Turtle发送委托，2015-12-22 00:00:00,，多，1@1766.69509968
策略Turtle发送委托，2015-12-22 00:00:00,，空，3@1739.30490032
策略Turtle发送委托，2015-12-29 00:00:00,，多，1@1770.0
策略Turtle发送委托，2015-12-30 00:00:00,，多，1@1784.07178902
策略Turtle发送委托，2015-12-30 00:00:00,，多，1@1798.14357804
策略Turtle发送委托，2016-01-04 00:00:00,，多，1@1821.0
策略Turtle发送委托，2016-01-04 00:00:00,，空，4@1792.63542082
策略Turtle发送委托，2016-01-22 00:00:00,，多，1@1847.0
策略Turtle发送委托，2016-01-27 00:00:00,，多，1@1861.70933156
策略Turtle发送委托，2016-01-28 00:00:00,，空，2@1832.31160159
策略Turtle发送委托，2016-02-15 00:00:00,，多，1@1868.0
策略Turtle发送委托，2016-02-19 00:00:00,，多，1@1882.2153203
策略Turtle发送委托，2016-02-22 00:00:00,，多，1@1896.46987458
策略Turtle发送委托，2016-02-22 00:00:00,，多，1@1910.72442887
策略Turtle发送委托，2016-05-04 00:00:00,，空，4@2393.0
策略Turtle发送委托，2016-05-09 00:00:00,，空，1@2190.0
策略Turtle发送委托，2016-05-10 00:00:00,，空，1@2098.0
策略Turtle发送委托，2016-05-13 00:00:00,，空，1@2052.80342353
策略Turtle发送委托，2016-05-13 00:00:00,，空，1@2007.60684705
策略Turtle发送委托，2016-06-06 00:00:00,，多，4@2063.0
策略Turtle发送委托，2016-06-13 00:00:00,，多，1@2152.0
策略Turtle发送委托，2016-06-14 00:00:00,，空，1@2072.57157259
策略Turtle发送委托，2016-06-27 00:00:00,，多，1@2176.0
策略Turtle发送委托，2016-06-28 00:00:00,，多，1@2256.0
策略Turtle发送委托，2016-06-30 00:00:00,，多，1@2292.10214705
策略Turtle发送委托，2016-06-30 00:00:00,，多，1@2328.20429409
策略Turtle发送委托，2016-06-30 00:00:00,，空，4@2229.0
策略Turtle发送委托，2016-07-01 00:00:00,，多，1@2333.0
策略Turtle发送委托，2016-07-04 00:00:00,，多，1@2369.74718771
策略Turtle发送委托，2016-07-04 00:00:00,，多，1@2406.49437542
策略Turtle发送委托，2016-07-04 00:00:00,，多，1@2443.24156313
策略Turtle发送委托，2016-07-04 00:00:00,，空，4@2334.0
策略Turtle发送委托，2016-07-11 00:00:00,，多，1@2448.0
策略Turtle发送委托，2016-07-12 00:00:00,，多，1@2489.3824227
策略Turtle发送委托，2016-07-12 00:00:00,，多，1@2530.76484541
策略Turtle发送委托，2016-07-12 00:00:00,，空，3@2414.0
策略Turtle发送委托，2016-07-13 00:00:00,，多，1@2536.0
策略Turtle发送委托，2011-02-23 00:00:00,，空，1@4931.0
策略Turtle发送委托，2011-02-24 00:00:00,，空，1@4905.36745634
策略Turtle发送委托，2011-02-25 00:00:00,，空，1@4879.19153987
策略Turtle发送委托，2011-03-01 00:00:00,，空，1@4853.35527525
策略Turtle发送委托，2011-04-06 00:00:00,，多，4@4832.0
策略Turtle发送委托，2011-04-07 00:00:00,，多，1@4877.0
策略Turtle发送委托，2011-04-08 00:00:00,，多，1@4907.86878382
策略Turtle发送委托，2011-04-15 00:00:00,，空，2@4850.06090929
策略Turtle发送委托，2011-05-03 00:00:00,，多，1@4936.0
策略Turtle发送委托，2011-05-06 00:00:00,，空，1@4836.0
策略Turtle发送委托，2011-06-16 00:00:00,，空，1@4775.0
策略Turtle发送委托，2011-06-17 00:00:00,，空，1@4755.0279044
策略Turtle发送委托，2011-06-17 00:00:00,，空，1@4735.0558088
策略Turtle发送委托，2011-06-20 00:00:00,，空，1@4714.50731798
策略Turtle发送委托，2011-07-04 00:00:00,，多，4@4754.0
策略Turtle发送委托，2011-07-11 00:00:00,，多，1@4840.0
策略Turtle发送委托，2011-07-12 00:00:00,，多，1@4859.74435444
策略Turtle发送委托，2011-07-13 00:00:00,，多，1@4879.40149116
策略Turtle发送委托，2011-07-18 00:00:00,，多，1@4898.50009126
策略Turtle发送委托，2011-08-05 00:00:00,，空，4@4869.0
策略Turtle发送委托，2011-08-09 00:00:00,，空，1@4763.0
策略Turtle发送委托，2011-08-12 00:00:00,，多，1@4851.66265145
策略Turtle发送委托，2011-09-13 00:00:00,，空，1@4780.0
策略Turtle发送委托，2011-09-14 00:00:00,，空，1@4762.14058048
策略Turtle发送委托，2011-09-16 00:00:00,，空，1@4744.06120436
策略Turtle发送委托，2011-09-19 00:00:00,，空，1@4714.0
策略Turtle发送委托，2011-11-09 00:00:00,，多，4@4172.0
策略Turtle发送委托，2011-12-01 00:00:00,，多，1@4239.0
策略Turtle发送委托，2011-12-02 00:00:00,，空，1@4163.19639829
策略Turtle发送委托，2012-01-17 00:00:00,，多，1@4248.0
策略Turtle发送委托，2012-01-18 00:00:00,，多，1@4294.0
策略Turtle发送委托，2012-01-18 00:00:00,，多，1@4315.96558742
策略Turtle发送委托，2012-01-30 00:00:00,，多，1@4336.98314543
策略Turtle发送委托，2012-01-31 00:00:00,，空，4@4295.59978521
策略Turtle发送委托，2012-02-06 00:00:00,，多，1@4348.0
策略Turtle发送委托，2012-02-07 00:00:00,，空，1@4308.72103723
策略Turtle发送委托，2012-02-15 00:00:00,，空，1@4204.0
策略Turtle发送委托，2012-02-16 00:00:00,，空，1@4182.0
策略Turtle发送委托，2012-02-16 00:00:00,，空，1@4161.19947424
策略Turtle发送委托，2012-02-22 00:00:00,，多，3@4244.67065718
策略Turtle发送委托，2012-03-09 00:00:00,，多，1@4315.0
策略Turtle发送委托，2012-03-13 00:00:00,，多，1@4333.47398367
策略Turtle发送委托，2012-03-21 00:00:00,，多，1@4350.51636992
策略Turtle发送委托，2012-03-27 00:00:00,，多，1@4366.19809066
策略Turtle发送委托，2012-03-29 00:00:00,，空，4@4335.0
策略Turtle发送委托，2012-04-06 00:00:00,，多，1@4367.0
策略Turtle发送委托，2012-04-09 00:00:00,，多，1@4382.83974734
策略Turtle发送委托，2012-04-13 00:00:00,，多，1@4399.0
策略Turtle发送委托，2012-04-13 00:00:00,，空，3@4368.86091609
策略Turtle发送委托，2012-04-23 00:00:00,，空，1@4291.0
策略Turtle发送委托，2012-04-24 00:00:00,，空，1@4275.40412716
策略Turtle发送委托，2012-04-24 00:00:00,，空，1@4259.80825431
策略Turtle发送委托，2012-05-03 00:00:00,，空，1@4239.0
策略Turtle发送委托，2012-05-31 00:00:00,，多，4@4118.0
策略Turtle发送委托，2012-06-20 00:00:00,，多，1@4138.0
策略Turtle发送委托，2012-06-25 00:00:00,，空，1@4101.0
策略Turtle发送委托，2012-07-02 00:00:00,，空，1@4020.0
策略Turtle发送委托，2012-07-06 00:00:00,，多，1@4090.14772778
策略Turtle发送委托，2012-07-10 00:00:00,，空，1@4018.0
策略Turtle发送委托，2012-07-11 00:00:00,，空，1@3957.0
策略Turtle发送委托，2012-07-12 00:00:00,，空，1@3938.41375307
策略Turtle发送委托，2012-07-16 00:00:00,，空，1@3919.88716522
策略Turtle发送委托，2012-09-12 00:00:00,，多，4@3513.0
策略Turtle发送委托，2012-09-19 00:00:00,，多，1@3627.0
策略Turtle发送委托，2012-09-20 00:00:00,，空，1@3563.92760353
策略Turtle发送委托，2012-09-27 00:00:00,，多，1@3644.0
策略Turtle发送委托，2012-09-28 00:00:00,，空，1@3572.7565059
策略Turtle发送委托，2012-10-08 00:00:00,，多，1@3649.0
策略Turtle发送委托，2012-10-09 00:00:00,，多，1@3683.88987671
策略Turtle发送委托，2012-10-15 00:00:00,，空，2@3608.0
策略Turtle发送委托，2012-10-22 00:00:00,，多，1@3706.0
策略Turtle发送委托，2012-10-25 00:00:00,，空，1@3643.18486932
策略Turtle发送委托，2012-11-19 00:00:00,，空，1@3592.0
策略Turtle发送委托，2012-11-20 00:00:00,，空，1@3566.0
策略Turtle发送委托，2012-11-27 00:00:00,，空，1@3543.05389352
策略Turtle发送委托，2012-11-29 00:00:00,，空，1@3521.16003243
策略Turtle发送委托，2012-12-05 00:00:00,，多，4@3589.0
策略Turtle发送委托，2012-12-10 00:00:00,，多，1@3686.0
策略Turtle发送委托，2012-12-14 00:00:00,，多，1@3709.24575607
策略Turtle发送委托，2012-12-14 00:00:00,，多，1@3732.49151214
策略Turtle发送委托，2012-12-14 00:00:00,，多，1@3755.73726821
策略Turtle发送委托，2012-12-14 00:00:00,，空，4@3684.0
策略Turtle发送委托，2012-12-17 00:00:00,，多，1@3790.0
策略Turtle发送委托，2012-12-18 00:00:00,，多，1@3816.0
策略Turtle发送委托，2012-12-20 00:00:00,，空，2@3766.59357904
策略Turtle发送委托，2012-12-25 00:00:00,，多，1@3841.0
策略Turtle发送委托，2012-12-26 00:00:00,，多，1@3869.0
策略Turtle发送委托，2012-12-27 00:00:00,，多，1@3894.09459805
策略Turtle发送委托，2012-12-27 00:00:00,，多，1@3919.1891961
策略Turtle发送委托，2012-12-27 00:00:00,，空，4@3869.0
策略Turtle发送委托，2012-12-31 00:00:00,，多，1@3956.0
策略Turtle发送委托，2013-01-04 00:00:00,，多，1@4014.0
策略Turtle发送委托，2013-01-07 00:00:00,，多，1@4040.80333508
策略Turtle发送委托，2013-01-08 00:00:00,，空，3@3987.07699843
策略Turtle发送委托，2013-01-23 00:00:00,，多，1@4045.0
策略Turtle发送委托，2013-01-25 00:00:00,，多，1@4074.4766129
策略Turtle发送委托，2013-01-30 00:00:00,，多，1@4102.24362388
策略Turtle发送委托，2013-01-30 00:00:00,，多，1@4130.01063486
策略Turtle发送委托，2013-02-21 00:00:00,，空，4@4108.0
策略Turtle发送委托，2013-02-26 00:00:00,，空，1@3947.0
策略Turtle发送委托，2013-03-04 00:00:00,，空，1@3915.93394961
策略Turtle发送委托，2013-03-04 00:00:00,，空，1@3884.86789921
策略Turtle发送委托，2013-03-13 00:00:00,，空，1@3853.73273632
策略Turtle发送委托，2013-03-26 00:00:00,，多，4@3926.0
策略Turtle发送委托，2013-04-01 00:00:00,，空，1@3741.0
策略Turtle发送委托，2013-04-02 00:00:00,，空，1@3707.25597484
策略Turtle发送委托，2013-04-08 00:00:00,，多，2@3841.93690565
策略Turtle发送委托，2013-04-16 00:00:00,，空，1@3679.0
策略Turtle发送委托，2013-04-18 00:00:00,，空，1@3621.0
策略Turtle发送委托，2013-04-23 00:00:00,，空，1@3585.94583614
策略Turtle发送委托，2013-05-02 00:00:00,，空，1@3550.0
策略Turtle发送委托，2013-05-13 00:00:00,，多，4@3683.0
策略Turtle发送委托，2013-05-16 00:00:00,，空，1@3531.0
策略Turtle发送委托，2013-05-28 00:00:00,，空，1@3498.84816219
策略Turtle发送委托，2013-05-29 00:00:00,，空，1@3467.57891628
策略Turtle发送委托，2013-05-30 00:00:00,，空，1@3426.0
策略Turtle发送委托，2013-06-17 00:00:00,，多，4@3504.0
策略Turtle发送委托，2013-07-03 00:00:00,，多，1@3560.0
策略Turtle发送委托，2013-07-04 00:00:00,，多，1@3596.0
策略Turtle发送委托，2013-07-10 00:00:00,，多，1@3622.94694595
策略Turtle发送委托，2013-07-10 00:00:00,，空，3@3569.05305405
策略Turtle发送委托，2013-07-11 00:00:00,，多，1@3627.0
策略Turtle发送委托，2013-07-15 00:00:00,，多，1@3653.93888779
策略Turtle发送委托，2013-07-17 00:00:00,，多，1@3679.82998402
策略Turtle发送委托，2013-07-29 00:00:00,，空，3@3636.0
策略Turtle发送委托，2013-08-07 00:00:00,，多，1@3689.0
策略Turtle发送委托，2013-08-08 00:00:00,，多，1@3713.0
策略Turtle发送委托，2013-08-08 00:00:00,，多，1@3731.98493772
策略Turtle发送委托，2013-08-12 00:00:00,，多，1@3759.0
策略Turtle发送委托，2013-08-29 00:00:00,，空，4@3753.0
策略Turtle发送委托，2013-09-06 00:00:00,，空，1@3710.0
策略Turtle发送委托，2013-09-13 00:00:00,，空，1@3691.30359858
策略Turtle发送委托，2013-09-13 00:00:00,，空，1@3672.60719715
策略Turtle发送委托，2013-09-16 00:00:00,，空，1@3653.4706158
策略Turtle发送委托，2013-11-01 00:00:00,，多，4@3612.0
策略Turtle发送委托，2013-11-07 00:00:00,，多，1@3656.0
策略Turtle发送委托，2013-11-11 00:00:00,，空，1@3622.12714371
策略Turtle发送委托，2013-11-26 00:00:00,，多，1@3663.0
策略Turtle发送委托，2013-12-02 00:00:00,，多，1@3678.63927817
策略Turtle发送委托，2013-12-03 00:00:00,，多，1@3694.27159243
策略Turtle发送委托，2013-12-04 00:00:00,，多，1@3709.64729098
策略Turtle发送委托，2013-12-13 00:00:00,，空，4@3680.50482779
策略Turtle发送委托，2013-12-25 00:00:00,，空，1@3613.0
策略Turtle发送委托，2013-12-26 00:00:00,，空，1@3597.99856465
策略Turtle发送委托，2013-12-31 00:00:00,，空，1@3582.55877151
策略Turtle发送委托，2014-01-03 00:00:00,，空，1@3567.21185821
策略Turtle发送委托，2014-02-18 00:00:00,，多，4@3498.0
策略Turtle发送委托，2014-02-24 00:00:00,，空，1@3412.0
策略Turtle发送委托，2014-02-25 00:00:00,，空，1@3373.0
策略Turtle发送委托，2014-02-25 00:00:00,，空，1@3355.24373823
策略Turtle发送委托，2014-03-07 00:00:00,，空，1@3337.22744284
策略Turtle发送委托，2014-03-25 00:00:00,，多，4@3272.0
策略Turtle发送委托，2014-04-04 00:00:00,，多，1@3358.0
策略Turtle发送委托，2014-04-08 00:00:00,，多，1@3385.0
策略Turtle发送委托，2014-04-08 00:00:00,，多，1@3406.98327956
策略Turtle发送委托，2014-04-11 00:00:00,，空，3@3363.33832594
策略Turtle发送委托，2014-05-05 00:00:00,，空，1@3214.0
策略Turtle发送委托，2014-05-07 00:00:00,，空，1@3193.27333815
策略Turtle发送委托，2014-05-08 00:00:00,，空，1@3172.6080094
策略Turtle发送委托，2014-05-12 00:00:00,，空，1@3150.0
策略Turtle发送委托，2014-06-25 00:00:00,，多，4@3080.0
策略Turtle发送委托，2014-07-10 00:00:00,，多，1@3123.0
策略Turtle发送委托，2014-07-14 00:00:00,，多，1@3138.9626788
策略Turtle发送委托，2014-07-18 00:00:00,，空，2@3109.465063
策略Turtle发送委托，2014-07-21 00:00:00,，空，1@3049.0
策略Turtle发送委托，2014-07-29 00:00:00,，多，1@3106.956749
策略Turtle发送委托，2014-08-14 00:00:00,，空，1@3037.0
策略Turtle发送委托，2014-08-15 00:00:00,，空，1@3022.79700733
策略Turtle发送委托，2014-08-20 00:00:00,，空，1@3008.88090399
策略Turtle发送委托，2014-08-21 00:00:00,，空，1@2995.03560581
策略Turtle发送委托，2014-10-14 00:00:00,，多，4@2668.0
策略Turtle发送委托，2014-11-07 00:00:00,，空，1@2533.0
策略Turtle发送委托，2014-11-18 00:00:00,，空，1@2513.46438241
策略Turtle发送委托，2014-11-18 00:00:00,，空，1@2493.92876481
策略Turtle发送委托，2014-11-18 00:00:00,，空，1@2474.39314722
策略Turtle发送委托，2014-11-28 00:00:00,，多，4@2552.0
策略Turtle发送委托，2014-12-11 00:00:00,，多，1@2595.0
策略Turtle发送委托，2014-12-16 00:00:00,，空，1@2553.04111687
策略Turtle发送委托，2014-12-30 00:00:00,，多，1@2605.0
策略Turtle发送委托，2014-12-31 00:00:00,，多，1@2626.23892804
策略Turtle发送委托，2014-12-31 00:00:00,，空，2@2583.76107196
策略Turtle发送委托，2015-01-06 00:00:00,，多，1@2629.0
策略Turtle发送委托，2015-01-07 00:00:00,，空，1@2583.15179814
策略Turtle发送委托，2015-01-14 00:00:00,，空，1@2470.0
策略Turtle发送委托，2015-01-26 00:00:00,，空，1@2447.78093201
策略Turtle发送委托，2015-02-02 00:00:00,，多，2@2528.0
策略Turtle发送委托，2015-02-13 00:00:00,，多，1@2533.0
策略Turtle发送委托，2015-02-16 00:00:00,，多，1@2550.64753889
策略Turtle发送委托，2015-02-25 00:00:00,，空，2@2515.7887312
策略Turtle发送委托，2015-03-06 00:00:00,，空，1@2466.0
策略Turtle发送委托，2015-03-09 00:00:00,，空，1@2448.20061789
策略Turtle发送委托，2015-03-10 00:00:00,，空，1@2430.34120489
策略Turtle发送委托，2015-03-10 00:00:00,，空，1@2412.48179189
策略Turtle发送委托，2015-03-18 00:00:00,，多，4@2482.46005906
策略Turtle发送委托，2015-03-24 00:00:00,，多，1@2550.0
策略Turtle发送委托，2015-03-25 00:00:00,，空，1@2514.33894447
策略Turtle发送委托，2015-03-27 00:00:00,，空，1@2403.0
策略Turtle发送委托，2015-03-30 00:00:00,，多，1@2478.24929497
策略Turtle发送委托，2015-04-01 00:00:00,，空，1@2399.0
策略Turtle发送委托，2015-04-02 00:00:00,，空，1@2376.0
策略Turtle发送委托，2015-04-02 00:00:00,，空，1@2356.32678393
策略Turtle发送委托，2015-04-07 00:00:00,，空，1@2332.0
策略Turtle发送委托，2015-04-24 00:00:00,，多，4@2339.0
策略Turtle发送委托，2015-05-05 00:00:00,，多，1@2428.0
策略Turtle发送委托，2015-05-13 00:00:00,，空，1@2387.6485788
策略Turtle发送委托，2015-06-12 00:00:00,，空，1@2308.0
策略Turtle发送委托，2015-06-15 00:00:00,，空，1@2291.55810355
策略Turtle发送委托，2015-06-16 00:00:00,，空，1@2274.98830192
策略Turtle发送委托，2015-06-16 00:00:00,，空，1@2258.41850029
策略Turtle发送委托，2015-07-21 00:00:00,，多，4@2105.0
策略Turtle发送委托，2015-08-24 00:00:00,，空，1@2024.0
策略Turtle发送委托，2015-08-25 00:00:00,，空，1@1939.0
策略Turtle发送委托，2015-09-07 00:00:00,，空，1@1919.86294336
策略Turtle发送委托，2015-09-07 00:00:00,，空，1@1900.72588671
策略Turtle发送委托，2015-12-15 00:00:00,，多，4@1668.0
策略Turtle发送委托，2015-12-21 00:00:00,，多，1@1720.0
策略Turtle发送委托，2015-12-22 00:00:00,，多，1@1753.0
策略Turtle发送委托，2015-12-22 00:00:00,，多，1@1766.69509968
策略Turtle发送委托，2015-12-22 00:00:00,，空，3@1739.30490032
策略Turtle发送委托，2015-12-29 00:00:00,，多，1@1770.0
策略Turtle发送委托，2015-12-30 00:00:00,，多，1@1784.07178902
策略Turtle发送委托，2015-12-30 00:00:00,，多，1@1798.14357804
策略Turtle发送委托，2016-01-04 00:00:00,，多，1@1821.0
策略Turtle发送委托，2016-01-04 00:00:00,，空，4@1792.63542082
策略Turtle发送委托，2016-01-22 00:00:00,，多，1@1847.0
策略Turtle发送委托，2016-01-27 00:00:00,，多，1@1861.70933156
策略Turtle发送委托，2016-01-28 00:00:00,，空，2@1832.31160159
策略Turtle发送委托，2016-02-15 00:00:00,，多，1@1868.0
策略Turtle发送委托，2016-02-19 00:00:00,，多，1@1882.2153203
策略Turtle发送委托，2016-02-22 00:00:00,，多，1@1896.46987458
策略Turtle发送委托，2016-02-22 00:00:00,，多，1@1910.72442887
策略Turtle发送委托，2016-05-04 00:00:00,，空，4@2393.0
策略Turtle发送委托，2016-05-09 00:00:00,，空，1@2190.0
策略Turtle发送委托，2016-05-10 00:00:00,，空，1@2098.0
策略Turtle发送委托，2016-05-13 00:00:00,，空，1@2052.80342353
策略Turtle发送委托，2016-05-13 00:00:00,，空，1@2007.60684705
策略Turtle发送委托，2016-06-06 00:00:00,，多，4@2063.0
策略Turtle发送委托，2016-06-13 00:00:00,，多，1@2152.0
策略Turtle发送委托，2016-06-14 00:00:00,，空，1@2072.57157259
策略Turtle发送委托，2016-06-27 00:00:00,，多，1@2176.0
策略Turtle发送委托，2016-06-28 00:00:00,，多，1@2256.0
策略Turtle发送委托，2016-06-30 00:00:00,，多，1@2292.10214705
策略Turtle发送委托，2016-06-30 00:00:00,，多，1@2328.20429409
策略Turtle发送委托，2016-06-30 00:00:00,，空，4@2229.0
策略Turtle发送委托，2016-07-01 00:00:00,，多，1@2333.0
策略Turtle发送委托，2016-07-04 00:00:00,，多，1@2369.74718771
策略Turtle发送委托，2016-07-04 00:00:00,，多，1@2406.49437542
策略Turtle发送委托，2016-07-04 00:00:00,，多，1@2443.24156313
策略Turtle发送委托，2016-07-04 00:00:00,，空，4@2334.0
策略Turtle发送委托，2016-07-11 00:00:00,，多，1@2448.0
策略Turtle发送委托，2016-07-12 00:00:00,，多，1@2489.3824227
策略Turtle发送委托，2016-07-12 00:00:00,，多，1@2530.76484541
策略Turtle发送委托，2016-07-12 00:00:00,，空，3@2414.0
策略Turtle发送委托，2016-07-13 00:00:00,，多，1@2536.0
策略Turtle发送委托，2011-02-15 00:00:00,，多，1@3260
策略Turtle发送委托，2011-02-22 00:00:00,，多，1@3293.70427997
策略Turtle发送委托，2011-02-22 00:00:00,，空，2@3226.29572003
策略Turtle发送委托，2011-03-07 00:00:00,，多，1@3294.4
策略Turtle发送委托，2011-03-08 00:00:00,，多，1@3337.8
策略Turtle发送委托，2011-03-09 00:00:00,，多，1@3369.80236637
策略Turtle发送委托，2011-03-10 00:00:00,，空，3@3307.19787026
策略Turtle发送委托，2011-03-15 00:00:00,，空，1@3165.0
策略Turtle发送委托，2011-03-25 00:00:00,，多，1@3288.01589052
策略Turtle发送委托，2011-04-11 00:00:00,，多，1@3368
策略Turtle发送委托，2011-04-12 00:00:00,，空，1@3312.45009673
策略Turtle发送委托，2011-04-14 00:00:00,，多，1@3396.4
策略Turtle发送委托，2011-04-15 00:00:00,，空，1@3341.58872669
策略Turtle发送委托，2011-04-27 00:00:00,，空，1@3221.0
策略Turtle发送委托，2011-04-28 00:00:00,，空，1@3195.32419801
策略Turtle发送委托，2011-05-04 00:00:00,，空，1@3170.07155728
策略Turtle发送委托，2011-05-04 00:00:00,，空，1@3144.81891654
策略Turtle发送委托，2011-06-24 00:00:00,，多，4@2995.8
策略Turtle发送委托，2011-06-30 00:00:00,，多，1@3062.0
策略Turtle发送委托，2011-07-04 00:00:00,，多，1@3085.76744843
策略Turtle发送委托，2011-07-04 00:00:00,，多，1@3109.53489686
策略Turtle发送委托，2011-07-04 00:00:00,，空，3@3058.6
策略Turtle发送委托，2011-07-07 00:00:00,，多，1@3130.0
策略Turtle发送委托，2011-07-12 00:00:00,，空，1@3084.18921899
策略Turtle发送委托，2011-07-18 00:00:00,，多，1@3150.0
策略Turtle发送委托，2011-07-19 00:00:00,，空，1@3104.9366963
策略Turtle发送委托，2011-07-25 00:00:00,，空，1@3008.6
策略Turtle发送委托，2011-07-26 00:00:00,，空，1@2978.6
策略Turtle发送委托，2011-07-27 00:00:00,，空，1@2956.11637092
策略Turtle发送委托，2011-08-02 00:00:00,，空，1@2934.17063138
策略Turtle发送委托，2011-10-17 00:00:00,，多，4@2685.6
策略Turtle发送委托，2011-10-20 00:00:00,，空，1@2533.4
策略Turtle发送委托，2011-10-26 00:00:00,，多，1@2656.81605548
策略Turtle发送委托，2011-10-28 00:00:00,，多，1@2698
策略Turtle发送委托，2011-11-01 00:00:00,，多，1@2727.46199463
策略Turtle发送委托，2011-11-02 00:00:00,，多，1@2756.89088954
策略Turtle发送委托，2011-11-02 00:00:00,，空，3@2670
策略Turtle发送委托，2011-11-03 00:00:00,，多，1@2779.0
策略Turtle发送委托，2011-11-09 00:00:00,，空，1@2720.85870704
策略Turtle发送委托，2011-11-23 00:00:00,，空，1@2585.2
策略Turtle发送委托，2011-11-30 00:00:00,，空，1@2560.12784768
策略Turtle发送委托，2011-11-30 00:00:00,，空，1@2535.05569536
策略Turtle发送委托，2011-12-01 00:00:00,，多，3@2639.20987417
策略Turtle发送委托，2011-12-06 00:00:00,，空，1@2515.2
策略Turtle发送委托，2011-12-12 00:00:00,，空，1@2490.1381567
策略Turtle发送委托，2011-12-13 00:00:00,，空，1@2465.63440557
策略Turtle发送委托，2011-12-13 00:00:00,，空，1@2441.13065444
策略Turtle发送委托，2012-01-10 00:00:00,，多，4@2401.8
策略Turtle发送委托，2012-01-17 00:00:00,，多，1@2475.0
策略Turtle发送委托，2012-01-18 00:00:00,，多，1@2505
策略Turtle发送委托，2012-01-18 00:00:00,，空，2@2445.83430822
策略Turtle发送委托，2012-01-20 00:00:00,，多，1@2517.8
策略Turtle发送委托，2012-01-31 00:00:00,，空，1@2457.11763051
策略Turtle发送委托，2012-02-06 00:00:00,，多，1@2530.8
策略Turtle发送委托，2012-02-07 00:00:00,，空，1@2472.41689025
策略Turtle发送委托，2012-02-08 00:00:00,，多，1@2533.0
策略Turtle发送委托，2012-02-10 00:00:00,，多，1@2562.60622186
策略Turtle发送委托，2012-02-13 00:00:00,，空，2@2503.72440032
策略Turtle发送委托，2012-02-15 00:00:00,，多，1@2572.4
策略Turtle发送委托，2012-02-22 00:00:00,，多，1@2599.84450155
策略Turtle发送委托，2012-02-24 00:00:00,，多，1@2626.25916419
策略Turtle发送委托，2012-02-24 00:00:00,，多，1@2652.67382684
策略Turtle发送委托，2012-02-24 00:00:00,，空，4@2599.84450155
策略Turtle发送委托，2012-02-27 00:00:00,，多，1@2664.6
策略Turtle发送委托，2012-03-05 00:00:00,，多，1@2689.12677096
策略Turtle发送委托，2012-03-06 00:00:00,，空，2@2640.95590613
策略Turtle发送委托，2012-03-14 00:00:00,，多，1@2702.0
策略Turtle发送委托，2012-03-15 00:00:00,，空，1@2620
策略Turtle发送委托，2012-03-23 00:00:00,，空，1@2580.2
策略Turtle发送委托，2012-03-26 00:00:00,，空，1@2558.31697225
策略Turtle发送委托，2012-03-28 00:00:00,，空，1@2537.65353971
策略Turtle发送委托，2012-03-28 00:00:00,，空，1@2516.99010717
策略Turtle发送委托，2012-04-13 00:00:00,，多，4@2581.6
策略Turtle发送委托，2012-04-20 00:00:00,，多，1@2633.8
策略Turtle发送委托，2012-04-24 00:00:00,，多，1@2654.83909272
策略Turtle发送委托，2012-04-24 00:00:00,，空，2@2612.76090728
策略Turtle发送委托，2012-05-02 00:00:00,，多，1@2655.8
策略Turtle发送委托，2012-05-03 00:00:00,，多，1@2685
策略Turtle发送委托，2012-05-04 00:00:00,，多，1@2705.52917204
策略Turtle发送委托，2012-05-08 00:00:00,，多，1@2725.42374981
策略Turtle发送委托，2012-05-09 00:00:00,，空，4@2685.65405205
策略Turtle发送委托，2012-05-18 00:00:00,，空，1@2561.0
策略Turtle发送委托，2012-05-29 00:00:00,，多，1@2620.0
策略Turtle发送委托，2012-06-04 00:00:00,，空，1@2548.0
策略Turtle发送委托，2012-06-07 00:00:00,，空，1@2527.51933402
策略Turtle发送委托，2012-06-21 00:00:00,，空，1@2508.06862201
策略Turtle发送委托，2012-06-25 00:00:00,，空，1@2488.1954456
策略Turtle发送委托，2012-08-08 00:00:00,，多，4@2397.0
策略Turtle发送委托，2012-08-14 00:00:00,，空，1@2337.6
策略Turtle发送委托，2012-08-17 00:00:00,，空，1@2322.0098342
策略Turtle发送委托，2012-08-20 00:00:00,，空，1@2306.56917668
策略Turtle发送委托，2012-08-27 00:00:00,，空，1@2290.99383864
策略Turtle发送委托，2012-09-07 00:00:00,，多，4@2317.0
策略Turtle发送委托，2012-09-24 00:00:00,，空，1@2198.8
策略Turtle发送委托，2012-09-27 00:00:00,，多，1@2275.35051455
策略Turtle发送委托，2012-10-18 00:00:00,，多，1@2354.0
策略Turtle发送委托，2012-10-25 00:00:00,，空，1@2313.54806938
策略Turtle发送委托，2012-11-12 00:00:00,，空，1@2233.4
策略Turtle发送委托，2012-11-13 00:00:00,，空，1@2214.22499313
策略Turtle发送委托，2012-11-16 00:00:00,，空，1@2195.57883411
策略Turtle发送委托，2012-11-16 00:00:00,，空，1@2176.93267509
策略Turtle发送委托，2012-12-05 00:00:00,，多，4@2209.6
策略Turtle发送委托，2012-12-07 00:00:00,，多，1@2257.4
策略Turtle发送委托，2012-12-10 00:00:00,，多，1@2275.3787367
策略Turtle发送委托，2012-12-14 00:00:00,，多，1@2291.87508574
策略Turtle发送委托，2012-12-14 00:00:00,，多，1@2308.37143478
策略Turtle发送委托，2012-12-14 00:00:00,，空，4@2253
策略Turtle发送委托，2012-12-17 00:00:00,，多，1@2375.6
策略Turtle发送委托，2012-12-18 00:00:00,，多，1@2393.86270501
策略Turtle发送委托，2012-12-18 00:00:00,，多，1@2412.12541001
策略Turtle发送委托，2012-12-18 00:00:00,，空，3@2375.6
策略Turtle发送委托，2012-12-21 00:00:00,，多，1@2424.0
策略Turtle发送委托，2012-12-25 00:00:00,，多，1@2443.39839531
策略Turtle发送委托，2012-12-25 00:00:00,，多，1@2462.79679063
策略Turtle发送委托，2012-12-25 00:00:00,，空，3@2386.4
策略Turtle发送委托，2012-12-27 00:00:00,，多，1@2478.8
策略Turtle发送委托，2012-12-28 00:00:00,，多，1@2499.02778668
策略Turtle发送委托，2012-12-31 00:00:00,，多，1@2519.22418403
策略Turtle发送委托，2012-12-31 00:00:00,，多，1@2539.42058138
策略Turtle发送委托，2013-01-11 00:00:00,，空，4@2497.99781338
策略Turtle发送委托，2013-01-14 00:00:00,，多，1@2567.4
策略Turtle发送委托，2013-01-15 00:00:00,，多，1@2590.36952406
策略Turtle发送委托，2013-01-16 00:00:00,，空，2@2545.44742835
策略Turtle发送委托，2013-01-18 00:00:00,，多，1@2608.6
策略Turtle发送委托，2013-01-24 00:00:00,，多，1@2631.31321017
策略Turtle发送委托，2013-01-24 00:00:00,，多，1@2654.02642035
策略Turtle发送委托，2013-01-24 00:00:00,，空，3@2608.6
策略Turtle发送委托，2013-01-29 00:00:00,，多，1@2673.6
策略Turtle发送委托，2013-01-30 00:00:00,，多，1@2697.21511164
策略Turtle发送委托，2013-02-01 00:00:00,，多，1@2720.1337499
策略Turtle发送委托，2013-02-01 00:00:00,，多，1@2743.05238816
策略Turtle发送委托，2013-02-01 00:00:00,，空，4@2695.2
策略Turtle发送委托，2013-02-04 00:00:00,，多，1@2753.8
策略Turtle发送委托，2013-02-05 00:00:00,，多，1@2777.08082103
策略Turtle发送委托，2013-02-05 00:00:00,，多，1@2800.36164206
策略Turtle发送委托，2013-02-05 00:00:00,，空，3@2753.2
策略Turtle发送委托，2013-02-06 00:00:00,，多，1@2809.2
策略Turtle发送委托，2013-02-07 00:00:00,，空，1@2763.02761804
策略Turtle发送委托，2013-02-08 00:00:00,，多，1@2814.4
策略Turtle发送委托，2013-02-18 00:00:00,，空，1@2767.70842529
策略Turtle发送委托，2013-02-26 00:00:00,，空，1@2572.8
策略Turtle发送委托，2013-02-28 00:00:00,，多，1@2676.19961254
策略Turtle发送委托，2013-03-04 00:00:00,，空，1@2560.0
策略Turtle发送委托，2013-03-12 00:00:00,，空，1@2531.16765566
策略Turtle发送委托，2013-03-19 00:00:00,，空，1@2500.74552381
策略Turtle发送委托，2013-03-21 00:00:00,，多，3@2623.77441977
策略Turtle发送委托，2013-03-28 00:00:00,，空，1@2497.0
策略Turtle发送委托，2013-04-02 00:00:00,，空，1@2468.48249054
策略Turtle发送委托，2013-04-08 00:00:00,，空，1@2440.25793826
策略Turtle发送委托，2013-04-19 00:00:00,，多，3@2515.0
策略Turtle发送委托，2013-05-02 00:00:00,，空，1@2416.0
策略Turtle发送委托，2013-05-06 00:00:00,，多，1@2526.40417522
策略Turtle发送委托，2013-05-08 00:00:00,，多，1@2547.4
策略Turtle发送委托，2013-05-14 00:00:00,，空，1@2496.53977038
策略Turtle发送委托，2013-05-17 00:00:00,，多，1@2563.0
策略Turtle发送委托，2013-05-20 00:00:00,，多，1@2588.6810837
策略Turtle发送委托，2013-05-20 00:00:00,，多，1@2614.3621674
策略Turtle发送委托，2013-05-24 00:00:00,，空，3@2565.98571979
策略Turtle发送委托，2013-05-28 00:00:00,，多，1@2622.8
策略Turtle发送委托，2013-05-29 00:00:00,，多，1@2646.92061588
策略Turtle发送委托，2013-05-31 00:00:00,，空，2@2600.69140421
策略Turtle发送委托，2013-06-07 00:00:00,，空，1@2461.6
策略Turtle发送委托，2013-06-13 00:00:00,，空，1@2438.81112527
策略Turtle发送委托，2013-06-13 00:00:00,，空，1@2416.02225054
策略Turtle发送委托，2013-06-13 00:00:00,，空，1@2393.23337581
策略Turtle发送委托，2013-07-11 00:00:00,，多，4@2217.8
策略Turtle发送委托，2013-08-12 00:00:00,，多，1@2342.0
策略Turtle发送委托，2013-08-14 00:00:00,，多，1@2372.82710907
策略Turtle发送委托，2013-08-16 00:00:00,，多，1@2403.05632501
策略Turtle发送委托，2013-08-16 00:00:00,，空，3@2319.8
策略Turtle发送委托，2013-09-09 00:00:00,，多，1@2408.0
策略Turtle发送委托，2013-09-10 00:00:00,，多，1@2437.8
策略Turtle发送委托，2013-09-10 00:00:00,，多，1@2464.18939412
策略Turtle发送委托，2013-09-11 00:00:00,，多，1@2490.29931854
策略Turtle发送委托，2013-09-17 00:00:00,，空，4@2441.01253279
策略Turtle发送委托，2013-10-25 00:00:00,，空，1@2380.8
策略Turtle发送委托，2013-10-28 00:00:00,，空，1@2358.2234506
策略Turtle发送委托，2013-10-29 00:00:00,，空，1@2336.14072867
策略Turtle发送委托，2013-11-08 00:00:00,，空，1@2314.92514061
策略Turtle发送委托，2013-11-18 00:00:00,，多，4@2399.39974889
策略Turtle发送委托，2013-11-28 00:00:00,，多，1@2454.4
策略Turtle发送委托，2013-12-02 00:00:00,，多，1@2475.01575034
策略Turtle发送委托，2013-12-02 00:00:00,，空，2@2433.78424966
策略Turtle发送委托，2013-12-04 00:00:00,，多，1@2487.0
策略Turtle发送委托，2013-12-11 00:00:00,，空，1@2447.61778766
策略Turtle发送委托，2013-12-17 00:00:00,，空，1@2368.0
策略Turtle发送委托，2013-12-19 00:00:00,，空，1@2348.97146851
策略Turtle发送委托，2013-12-20 00:00:00,，空，1@2329.90936359
策略Turtle发送委托，2013-12-20 00:00:00,，空，1@2310.84725867
策略Turtle发送委托，2014-01-24 00:00:00,，多，4@2256.4
策略Turtle发送委托，2014-02-11 00:00:00,，多，1@2271.4
策略Turtle发送委托，2014-02-12 00:00:00,，多，1@2290.08557486
策略Turtle发送委托，2014-02-17 00:00:00,，多，1@2307.3538321
策略Turtle发送委托，2014-02-18 00:00:00,，空，3@2272.96414334
策略Turtle发送委托，2014-02-20 00:00:00,，多，1@2320.0
策略Turtle发送委托，2014-02-21 00:00:00,，空，1@2285.0371906
策略Turtle发送委托，2014-02-25 00:00:00,，空，1@2178.2
策略Turtle发送委托，2014-02-26 00:00:00,，空，1@2146.8
策略Turtle发送委托，2014-02-28 00:00:00,，空，1@2127.90742187
策略Turtle发送委托，2014-03-10 00:00:00,，空，1@2100
策略Turtle发送委托，2014-03-25 00:00:00,，多，4@2168.4
策略Turtle发送委托，2014-03-27 00:00:00,，多，1@2179.8
策略Turtle发送委托，2014-03-31 00:00:00,，空，1@2137.17046446
策略Turtle发送委托，2014-04-03 00:00:00,，多，1@2181.0
策略Turtle发送委托，2014-04-08 00:00:00,，多，1@2201.42475408
策略Turtle发送委托，2014-04-08 00:00:00,，多，1@2221.84950816
策略Turtle发送委托，2014-04-08 00:00:00,，多，1@2242.27426224
策略Turtle发送委托，2014-04-08 00:00:00,，空，4@2179.8
策略Turtle发送委托，2014-04-09 00:00:00,，多，1@2249.8
策略Turtle发送委托，2014-04-10 00:00:00,，多，1@2270.50384056
策略Turtle发送委托，2014-04-10 00:00:00,，多，1@2291.20768112
策略Turtle发送委托，2014-04-10 00:00:00,，空，3@2244
策略Turtle发送委托，2014-05-05 00:00:00,，空，1@2139.2
策略Turtle发送委托，2014-05-16 00:00:00,，空，1@2121
策略Turtle发送委托，2014-05-19 00:00:00,，空，1@2103.82732087
策略Turtle发送委托，2014-05-19 00:00:00,，空，1@2086.65464174
策略Turtle发送委托，2014-05-26 00:00:00,，多，4@2155.98696476
策略Turtle发送委托，2014-06-13 00:00:00,，多，1@2172.0
策略Turtle发送委托，2014-06-16 00:00:00,，多，1@2187.68859106
策略Turtle发送委托，2014-06-19 00:00:00,，空，2@2158.03875454
策略Turtle发送委托，2014-06-25 00:00:00,，空，1@2116.0
策略Turtle发送委托，2014-07-03 00:00:00,，多，1@2170.0
策略Turtle发送委托，2014-07-22 00:00:00,，多，1@2179.4
策略Turtle发送委托，2014-07-23 00:00:00,，多，1@2191.74876824
策略Turtle发送委托，2014-07-23 00:00:00,，多，1@2204.09753648
策略Turtle发送委托，2014-07-24 00:00:00,，多，1@2216.46386631
策略Turtle发送委托，2014-07-24 00:00:00,，空，4@2190.8
策略Turtle发送委托，2014-07-25 00:00:00,，多，1@2243.8
策略Turtle发送委托，2014-07-28 00:00:00,，多，1@2276
策略Turtle发送委托，2014-07-28 00:00:00,，多，1@2289.43461267
策略Turtle发送委托，2014-07-28 00:00:00,，多，1@2302.86922534
策略Turtle发送委托，2014-07-28 00:00:00,，空，4@2276
策略Turtle发送委托，2014-07-29 00:00:00,，多，1@2357.6
策略Turtle发送委托，2014-07-30 00:00:00,，空，1@2327.88802413
策略Turtle发送委托，2014-07-31 00:00:00,，多，1@2359.6
策略Turtle发送委托，2014-08-01 00:00:00,，多，1@2374.76827911
策略Turtle发送委托，2014-08-01 00:00:00,，多，1@2389.93655822
策略Turtle发送委托，2014-08-01 00:00:00,，空，3@2359.6
策略Turtle发送委托，2014-08-04 00:00:00,，多，1@2391.8
策略Turtle发送委托，2014-08-06 00:00:00,，空，1@2359.10036839
策略Turtle发送委托，2014-08-18 00:00:00,，多，1@2399
策略Turtle发送委托，2014-08-21 00:00:00,，空，1@2366.29184124
策略Turtle发送委托，2014-09-02 00:00:00,，多，1@2410.0
策略Turtle发送委托，2014-09-03 00:00:00,，多，1@2425.15975123
策略Turtle发送委托，2014-09-03 00:00:00,，多，1@2440.31950246
策略Turtle发送委托，2014-09-04 00:00:00,，多，1@2455.63126613
策略Turtle发送委托，2014-09-16 00:00:00,，空，4@2424.04968431
策略Turtle发送委托，2014-10-27 00:00:00,，空，1@2375.6
策略Turtle发送委托，2014-10-29 00:00:00,，多，1@2442.83247644
策略Turtle发送委托，2014-10-31 00:00:00,，多，1@2494.8
策略Turtle发送委托，2014-11-03 00:00:00,，多，1@2524.8
策略Turtle发送委托，2014-11-06 00:00:00,，空，2@2492.18051401
策略Turtle发送委托，2014-11-07 00:00:00,，多，1@2529.6
策略Turtle发送委托，2014-11-10 00:00:00,，多，1@2546.66904305
策略Turtle发送委托，2014-11-10 00:00:00,，多，1@2563.7380861
策略Turtle发送委托，2014-11-10 00:00:00,，空，3@2520.6
策略Turtle发送委托，2014-11-11 00:00:00,，多，1@2568.8
策略Turtle发送委托，2014-11-12 00:00:00,，多，1@2587.41431135
策略Turtle发送委托，2014-11-12 00:00:00,，空，2@2550.18568865
策略Turtle发送委托，2014-11-17 00:00:00,，多，1@2601.2
策略Turtle发送委托，2014-11-18 00:00:00,，空，1@2563.51267412
策略Turtle发送委托，2014-11-24 00:00:00,，多，1@2660.6
策略Turtle发送委托，2014-11-25 00:00:00,，多，1@2702.4
策略Turtle发送委托，2014-11-25 00:00:00,，多，1@2723.30373824
策略Turtle发送委托，2014-11-25 00:00:00,，多，1@2744.20747647
策略Turtle发送委托，2014-11-25 00:00:00,，空，4@2702.4
策略Turtle发送委托，2014-11-26 00:00:00,，多，1@2756.2
策略Turtle发送委托，2014-11-27 00:00:00,，多，1@2777.32962376
策略Turtle发送委托，2014-11-28 00:00:00,，多，1@2798.33276633
策略Turtle发送委托，2014-11-28 00:00:00,，多，1@2819.3359089
策略Turtle发送委托，2014-11-28 00:00:00,，空，4@2769.8
策略Turtle发送委托，2014-12-01 00:00:00,，多，1@2842.0
策略Turtle发送委托，2014-12-02 00:00:00,，多，1@2864.04283617
策略Turtle发送委托，2014-12-02 00:00:00,，多，1@2886.08567234
策略Turtle发送委托，2014-12-02 00:00:00,，多，1@2908.12850851
策略Turtle发送委托，2014-12-02 00:00:00,，空，4@2820
策略Turtle发送委托，2014-12-03 00:00:00,，多，1@3008.0
策略Turtle发送委托，2014-12-04 00:00:00,，多，1@3035.93865964
策略Turtle发送委托，2014-12-04 00:00:00,，多，1@3063.87731929
策略Turtle发送委托，2014-12-04 00:00:00,，多，1@3091.81597893
策略Turtle发送委托，2014-12-04 00:00:00,，空，4@3022
策略Turtle发送委托，2014-12-05 00:00:00,，多，1@3248.6
策略Turtle发送委托，2014-12-08 00:00:00,，多，1@3282.66464033
策略Turtle发送委托，2014-12-08 00:00:00,，多，1@3316.72928066
策略Turtle发送委托，2014-12-08 00:00:00,，多，1@3350.79392098
策略Turtle发送委托，2014-12-08 00:00:00,，空，4@3199
策略Turtle发送委托，2014-12-09 00:00:00,，多，1@3361.0
策略Turtle发送委托，2014-12-10 00:00:00,，空，1@3174.2
策略Turtle发送委托，2014-12-18 00:00:00,，多，1@3499
策略Turtle发送委托，2014-12-19 00:00:00,，空，1@3398.77066232
策略Turtle发送委托，2014-12-29 00:00:00,，多，1@3535.0
策略Turtle发送委托，2014-12-31 00:00:00,，多，1@3591.97966061
策略Turtle发送委托，2014-12-31 00:00:00,，空，2@3478.02033939
策略Turtle发送委托，2015-01-05 00:00:00,，多，1@3619
策略Turtle发送委托，2015-01-06 00:00:00,，多，1@3677.8498937
策略Turtle发送委托，2015-01-08 00:00:00,，空，2@3563.54033557
策略Turtle发送委托，2015-02-06 00:00:00,，空，1@3300.0
策略Turtle发送委托，2015-02-13 00:00:00,，多，1@3517.95610291
策略Turtle发送委托，2015-02-26 00:00:00,，多，1@3649.0
策略Turtle发送委托，2015-03-05 00:00:00,，空，1@3547.89539575
策略Turtle发送委托，2015-03-13 00:00:00,，多，1@3691.8
策略Turtle发送委托，2015-03-16 00:00:00,，多，1@3740.4540393
策略Turtle发送委托，2015-03-17 00:00:00,，多，1@3789.10037664
策略Turtle发送委托，2015-03-18 00:00:00,，多，1@3836.7093971
策略Turtle发送委托，2015-05-07 00:00:00,，空，4@4532.0
策略Turtle发送委托，2015-05-20 00:00:00,，多，1@4826.8
策略Turtle发送委托，2015-05-22 00:00:00,，多，1@4890
策略Turtle发送委托，2015-05-22 00:00:00,，多，1@4952.60728938
策略Turtle发送委托，2015-05-22 00:00:00,，多，1@5015.21457877
策略Turtle发送委托，2015-05-22 00:00:00,，空，4@4890.0
策略Turtle发送委托，2015-05-25 00:00:00,，多，1@5017.6
策略Turtle发送委托，2015-05-26 00:00:00,，多，1@5170.2
策略Turtle发送委托，2015-05-26 00:00:00,，多，1@5235.46357867
策略Turtle发送委托，2015-05-27 00:00:00,，多，1@5300.82397841
策略Turtle发送委托，2015-05-28 00:00:00,，空，4@5169.38921891
策略Turtle发送委托，2015-06-08 00:00:00,，多，1@5372.2
策略Turtle发送委托，2015-06-10 00:00:00,，空，1@5183.49719701
策略Turtle发送委托，2015-06-15 00:00:00,，多，1@5388.0
策略Turtle发送委托，2015-06-16 00:00:00,，空，1@5183
策略Turtle发送委托，2015-06-19 00:00:00,，空，1@4786.8
策略Turtle发送委托，2015-06-23 00:00:00,，空，1@4597
策略Turtle发送委托，2015-06-23 00:00:00,，空，1@4497.92463307
策略Turtle发送委托，2015-06-25 00:00:00,，多，3@4905.67170768
策略Turtle发送委托，2015-06-26 00:00:00,，空，1@4461.0
策略Turtle发送委托，2015-06-29 00:00:00,，空，1@4335.2
策略Turtle发送委托，2015-06-29 00:00:00,，空，1@4224.97031629
策略Turtle发送委托，2015-06-29 00:00:00,，空，1@4114.74063258
策略Turtle发送委托，2015-08-10 00:00:00,，多，4@4014.0
策略Turtle发送委托，2015-08-21 00:00:00,，空，1@3557.8
策略Turtle发送委托，2015-08-24 00:00:00,，空，1@3250
策略Turtle发送委托，2015-08-24 00:00:00,，空，1@3140.02327844
策略Turtle发送委托，2015-08-24 00:00:00,，空，1@3030.04655689
策略Turtle发送委托，2015-09-17 00:00:00,，多，4@3210.0
策略Turtle发送委托，2015-10-08 00:00:00,，多，1@3266.8
策略Turtle发送委托，2015-10-12 00:00:00,，多，1@3353.34694658
策略Turtle发送委托，2015-10-12 00:00:00,，多，1@3439.89389317
策略Turtle发送委托，2015-11-04 00:00:00,，多，1@3502.87798026
策略Turtle发送委托，2015-11-20 00:00:00,，空，4@3637.6
策略Turtle发送委托，2015-11-27 00:00:00,，空，1@3362.4
策略Turtle发送委托，2015-11-30 00:00:00,，空，1@3303.12884174
策略Turtle发送委托，2015-12-10 00:00:00,，多，2@3521.17682574
策略Turtle发送委托，2015-12-18 00:00:00,，多，1@3704.8
策略Turtle发送委托，2015-12-21 00:00:00,，多，1@3757.47164173
策略Turtle发送委托，2015-12-21 00:00:00,，多，1@3810.14328346
策略Turtle发送委托，2015-12-21 00:00:00,，空，3@3694.4
策略Turtle发送委托，2015-12-22 00:00:00,，多，1@3820.0
策略Turtle发送委托，2015-12-28 00:00:00,，空，1@3721.43211412
策略Turtle发送委托，2016-01-05 00:00:00,，空，1@3383.0
策略Turtle发送委托，2016-01-07 00:00:00,，空，1@3330.23373961
策略Turtle发送委托，2016-01-07 00:00:00,，空，1@3277.46747922
策略Turtle发送委托，2016-01-08 00:00:00,，空，1@3221.67953185
策略Turtle发送委托，2016-02-17 00:00:00,，多，4@3031.6
策略Turtle发送委托，2016-02-24 00:00:00,，空，1@2808.0
策略Turtle发送委托，2016-02-25 00:00:00,，空，1@2760.01194879
策略Turtle发送委托，2016-02-25 00:00:00,，空，1@2712.02389757
策略Turtle发送委托，2016-02-25 00:00:00,，空，1@2664.03584636
策略Turtle发送委托，2016-02-25 00:00:00,，多，4@2857
策略Turtle发送委托，2016-02-29 00:00:00,，空，1@2650.4
策略Turtle发送委托，2016-03-03 00:00:00,，多，1@2856.62633228
策略Turtle发送委托，2016-03-17 00:00:00,，多，1@3088.6
策略Turtle发送委托，2016-03-18 00:00:00,，多，1@3137.25021705
策略Turtle发送委托，2016-03-21 00:00:00,，多，1@3185.87792324
策略Turtle发送委托，2016-03-21 00:00:00,，多，1@3234.50562944
策略Turtle发送委托，2016-03-24 00:00:00,，空，4@3141.09877024
策略Turtle发送委托，2016-04-05 00:00:00,，多，1@3245.0
策略Turtle发送委托，2016-04-08 00:00:00,，空，1@3162.00621604
策略Turtle发送委托，2016-04-13 00:00:00,，多，1@3286.6
策略Turtle发送委托，2016-04-18 00:00:00,，空，1@3211.82483052
策略Turtle发送委托，2016-04-20 00:00:00,，空，1@3082.0
策略Turtle发送委托，2016-05-09 00:00:00,，空，1@3048.31302732
策略Turtle发送委托，2016-05-12 00:00:00,，空，1@3015.77475912
策略Turtle发送委托，2016-05-23 00:00:00,，空，1@2931.8
策略Turtle发送委托，2016-05-31 00:00:00,，多，4@3048.85589791
策略Turtle发送委托，2016-06-06 00:00:00,，多，1@3117
策略Turtle发送委托，2016-06-08 00:00:00,，空，1@3060.47591108
策略Turtle发送委托，2016-06-29 00:00:00,，多，1@3117.0
策略Turtle发送委托，2016-07-04 00:00:00,，多，1@3145.0690806
策略Turtle发送委托，2016-07-04 00:00:00,，多，1@3173.13816121
策略Turtle发送委托，2016-07-04 00:00:00,，空，3@3095.6
策略Turtle发送委托，2016-07-05 00:00:00,，多，1@3183.0
策略Turtle发送委托，2016-07-11 00:00:00,，多，1@3209.27395638
策略Turtle发送委托，2016-07-12 00:00:00,，多，1@3235.64421494
策略Turtle发送委托，2016-07-12 00:00:00,，多，1@3262.0144735
策略Turtle发送委托，2016-07-12 00:00:00,，空，4@3185
策略Turtle发送委托，2016-07-13 00:00:00,，多，1@3276.6
